n16 T0.27 seed 123456 nsamples 1
pid :  1013130
uname :  posix.uname_result(sysname='Linux', nodename='titan', release='5.8.0-53-generic', version='#60~20.04.1-Ubuntu SMP Thu May 6 09:52:46 UTC 2021', machine='x86_64')
code run start time  20210826, 20:15:25
my device here
pb initialized
phase_space initialized
hamiltonian initialized
LJ_term initialized : sigma  1  epsilon  1
lennard_jones.py call potential
pb initialized
phase_space initialized
lennard_jones initialized: sigma  1  epsilon  1
kinetic_energy initialized : mass  1
noML_hamiltonian initialized
metropolis_mc initialized : boxsize  7.302967433402215
memory usage : 10.8  at every sample= 1
finished taking 0 configuration,  temp:  0.27 Accratio:  tensor(0.5927) spec:  tensor(1.0989) dq:  0.025 rho:  0.3 Discard:  32000 time:  60.30315136909485
momentum_sampler initialized: nsamples  100
file write dir: ../data/gen_by_MC/n16rho0.3/analysis/n16T0.27seed123456nsamples1/n16T0.27seed123456nsamples1.pt
end date/time : 20210826, 20:16:25
run time  0:01:00.306688
mean mem :  10.8 , std mem :  0.0
n16 T0.31 seed 123456 nsamples 1
pid :  1014066
uname :  posix.uname_result(sysname='Linux', nodename='titan', release='5.8.0-53-generic', version='#60~20.04.1-Ubuntu SMP Thu May 6 09:52:46 UTC 2021', machine='x86_64')
code run start time  20210826, 20:16:26
my device here
pb initialized
phase_space initialized
hamiltonian initialized
LJ_term initialized : sigma  1  epsilon  1
lennard_jones.py call potential
pb initialized
phase_space initialized
lennard_jones initialized: sigma  1  epsilon  1
kinetic_energy initialized : mass  1
noML_hamiltonian initialized
metropolis_mc initialized : boxsize  7.302967433402215
memory usage : 10.8  at every sample= 1
finished taking 0 configuration,  temp:  0.31 Accratio:  tensor(0.5740) spec:  tensor(1.1411) dq:  0.03 rho:  0.3 Discard:  32000 time:  59.472535610198975
momentum_sampler initialized: nsamples  100
file write dir: ../data/gen_by_MC/n16rho0.3/analysis/n16T0.31seed123456nsamples1/n16T0.31seed123456nsamples1.pt
end date/time : 20210826, 20:17:25
run time  0:00:59.475979
mean mem :  10.8 , std mem :  0.0
n16 T0.35 seed 123456 nsamples 1
pid :  1014930
uname :  posix.uname_result(sysname='Linux', nodename='titan', release='5.8.0-53-generic', version='#60~20.04.1-Ubuntu SMP Thu May 6 09:52:46 UTC 2021', machine='x86_64')
code run start time  20210826, 20:17:26
my device here
pb initialized
phase_space initialized
hamiltonian initialized
LJ_term initialized : sigma  1  epsilon  1
lennard_jones.py call potential
pb initialized
phase_space initialized
lennard_jones initialized: sigma  1  epsilon  1
kinetic_energy initialized : mass  1
noML_hamiltonian initialized
metropolis_mc initialized : boxsize  7.302967433402215
memory usage : 10.9  at every sample= 1
finished taking 0 configuration,  temp:  0.35 Accratio:  tensor(0.6105) spec:  tensor(1.3178) dq:  0.03 rho:  0.3 Discard:  32000 time:  59.81459856033325
momentum_sampler initialized: nsamples  100
file write dir: ../data/gen_by_MC/n16rho0.3/analysis/n16T0.35seed123456nsamples1/n16T0.35seed123456nsamples1.pt
end date/time : 20210826, 20:18:26
run time  0:00:59.817933
mean mem :  10.9 , std mem :  0.0
n16 T0.39 seed 123456 nsamples 1
pid :  1015648
uname :  posix.uname_result(sysname='Linux', nodename='titan', release='5.8.0-53-generic', version='#60~20.04.1-Ubuntu SMP Thu May 6 09:52:46 UTC 2021', machine='x86_64')
code run start time  20210826, 20:18:26
my device here
pb initialized
phase_space initialized
hamiltonian initialized
LJ_term initialized : sigma  1  epsilon  1
lennard_jones.py call potential
pb initialized
phase_space initialized
lennard_jones initialized: sigma  1  epsilon  1
kinetic_energy initialized : mass  1
noML_hamiltonian initialized
metropolis_mc initialized : boxsize  7.302967433402215
memory usage : 10.9  at every sample= 1
finished taking 0 configuration,  temp:  0.39 Accratio:  tensor(0.7078) spec:  tensor(1.5838) dq:  0.03 rho:  0.3 Discard:  32000 time:  59.83421301841736
momentum_sampler initialized: nsamples  100
file write dir: ../data/gen_by_MC/n16rho0.3/analysis/n16T0.39seed123456nsamples1/n16T0.39seed123456nsamples1.pt
end date/time : 20210826, 20:19:26
run time  0:00:59.837624
mean mem :  10.9 , std mem :  0.0
n16 T0.43 seed 123456 nsamples 1
pid :  1016065
uname :  posix.uname_result(sysname='Linux', nodename='titan', release='5.8.0-53-generic', version='#60~20.04.1-Ubuntu SMP Thu May 6 09:52:46 UTC 2021', machine='x86_64')
code run start time  20210826, 20:19:27
my device here
pb initialized
phase_space initialized
hamiltonian initialized
LJ_term initialized : sigma  1  epsilon  1
lennard_jones.py call potential
pb initialized
phase_space initialized
lennard_jones initialized: sigma  1  epsilon  1
kinetic_energy initialized : mass  1
noML_hamiltonian initialized
metropolis_mc initialized : boxsize  7.302967433402215
memory usage : 10.9  at every sample= 1
finished taking 0 configuration,  temp:  0.43 Accratio:  tensor(0.5305) spec:  tensor(2.1407) dq:  0.05 rho:  0.3 Discard:  32000 time:  60.67192721366882
momentum_sampler initialized: nsamples  100
file write dir: ../data/gen_by_MC/n16rho0.3/analysis/n16T0.43seed123456nsamples1/n16T0.43seed123456nsamples1.pt
end date/time : 20210826, 20:20:27
run time  0:01:00.675257
mean mem :  10.9 , std mem :  0.0
n16 T0.47 seed 123456 nsamples 1
pid :  1016422
uname :  posix.uname_result(sysname='Linux', nodename='titan', release='5.8.0-53-generic', version='#60~20.04.1-Ubuntu SMP Thu May 6 09:52:46 UTC 2021', machine='x86_64')
code run start time  20210826, 20:20:28
my device here
pb initialized
phase_space initialized
hamiltonian initialized
LJ_term initialized : sigma  1  epsilon  1
lennard_jones.py call potential
pb initialized
phase_space initialized
lennard_jones initialized: sigma  1  epsilon  1
kinetic_energy initialized : mass  1
noML_hamiltonian initialized
metropolis_mc initialized : boxsize  7.302967433402215
memory usage : 10.9  at every sample= 1
finished taking 0 configuration,  temp:  0.47 Accratio:  tensor(0.5674) spec:  tensor(1.4523) dq:  0.05 rho:  0.3 Discard:  32000 time:  59.646891832351685
momentum_sampler initialized: nsamples  100
file write dir: ../data/gen_by_MC/n16rho0.3/analysis/n16T0.47seed123456nsamples1/n16T0.47seed123456nsamples1.pt
end date/time : 20210826, 20:21:28
run time  0:00:59.650501
mean mem :  10.9 , std mem :  0.0
n16 T0.51 seed 123456 nsamples 1
pid :  1016744
uname :  posix.uname_result(sysname='Linux', nodename='titan', release='5.8.0-53-generic', version='#60~20.04.1-Ubuntu SMP Thu May 6 09:52:46 UTC 2021', machine='x86_64')
code run start time  20210826, 20:21:28
my device here
pb initialized
phase_space initialized
hamiltonian initialized
LJ_term initialized : sigma  1  epsilon  1
lennard_jones.py call potential
pb initialized
phase_space initialized
lennard_jones initialized: sigma  1  epsilon  1
kinetic_energy initialized : mass  1
noML_hamiltonian initialized
metropolis_mc initialized : boxsize  7.302967433402215
memory usage : 10.9  at every sample= 1
finished taking 0 configuration,  temp:  0.51 Accratio:  tensor(0.5613) spec:  tensor(1.1970) dq:  0.06 rho:  0.3 Discard:  32000 time:  59.776509284973145
momentum_sampler initialized: nsamples  100
file write dir: ../data/gen_by_MC/n16rho0.3/analysis/n16T0.51seed123456nsamples1/n16T0.51seed123456nsamples1.pt
end date/time : 20210826, 20:22:28
run time  0:00:59.779933
mean mem :  10.9 , std mem :  0.0
n16 T0.55 seed 123456 nsamples 1
pid :  1017212
uname :  posix.uname_result(sysname='Linux', nodename='titan', release='5.8.0-53-generic', version='#60~20.04.1-Ubuntu SMP Thu May 6 09:52:46 UTC 2021', machine='x86_64')
code run start time  20210826, 20:22:28
my device here
pb initialized
phase_space initialized
hamiltonian initialized
LJ_term initialized : sigma  1  epsilon  1
lennard_jones.py call potential
pb initialized
phase_space initialized
lennard_jones initialized: sigma  1  epsilon  1
kinetic_energy initialized : mass  1
noML_hamiltonian initialized
metropolis_mc initialized : boxsize  7.302967433402215
memory usage : 10.9  at every sample= 1
finished taking 0 configuration,  temp:  0.55 Accratio:  tensor(0.5238) spec:  tensor(1.0395) dq:  0.07 rho:  0.3 Discard:  32000 time:  59.8809278011322
momentum_sampler initialized: nsamples  100
file write dir: ../data/gen_by_MC/n16rho0.3/analysis/n16T0.55seed123456nsamples1/n16T0.55seed123456nsamples1.pt
end date/time : 20210826, 20:23:28
run time  0:00:59.884331
mean mem :  10.9 , std mem :  0.0
n16 T0.59 seed 123456 nsamples 1
pid :  1017762
uname :  posix.uname_result(sysname='Linux', nodename='titan', release='5.8.0-53-generic', version='#60~20.04.1-Ubuntu SMP Thu May 6 09:52:46 UTC 2021', machine='x86_64')
code run start time  20210826, 20:23:29
my device here
pb initialized
phase_space initialized
hamiltonian initialized
LJ_term initialized : sigma  1  epsilon  1
lennard_jones.py call potential
pb initialized
phase_space initialized
lennard_jones initialized: sigma  1  epsilon  1
kinetic_energy initialized : mass  1
noML_hamiltonian initialized
metropolis_mc initialized : boxsize  7.302967433402215
memory usage : 10.9  at every sample= 1
finished taking 0 configuration,  temp:  0.59 Accratio:  tensor(0.5212) spec:  tensor(0.6654) dq:  0.08 rho:  0.3 Discard:  32000 time:  60.212411880493164
momentum_sampler initialized: nsamples  100
file write dir: ../data/gen_by_MC/n16rho0.3/analysis/n16T0.59seed123456nsamples1/n16T0.59seed123456nsamples1.pt
end date/time : 20210826, 20:24:29
run time  0:01:00.215779
mean mem :  10.9 , std mem :  0.0
n16 T0.63 seed 123456 nsamples 1
pid :  1018252
uname :  posix.uname_result(sysname='Linux', nodename='titan', release='5.8.0-53-generic', version='#60~20.04.1-Ubuntu SMP Thu May 6 09:52:46 UTC 2021', machine='x86_64')
code run start time  20210826, 20:24:30
my device here
pb initialized
phase_space initialized
hamiltonian initialized
LJ_term initialized : sigma  1  epsilon  1
lennard_jones.py call potential
pb initialized
phase_space initialized
lennard_jones initialized: sigma  1  epsilon  1
kinetic_energy initialized : mass  1
noML_hamiltonian initialized
metropolis_mc initialized : boxsize  7.302967433402215
memory usage : 10.9  at every sample= 1
finished taking 0 configuration,  temp:  0.63 Accratio:  tensor(0.5481) spec:  tensor(0.4905) dq:  0.08 rho:  0.3 Discard:  32000 time:  60.263471841812134
momentum_sampler initialized: nsamples  100
file write dir: ../data/gen_by_MC/n16rho0.3/analysis/n16T0.63seed123456nsamples1/n16T0.63seed123456nsamples1.pt
end date/time : 20210826, 20:25:30
run time  0:01:00.267100
mean mem :  10.9 , std mem :  0.0
n16 T0.67 seed 123456 nsamples 1
pid :  1018683
uname :  posix.uname_result(sysname='Linux', nodename='titan', release='5.8.0-53-generic', version='#60~20.04.1-Ubuntu SMP Thu May 6 09:52:46 UTC 2021', machine='x86_64')
code run start time  20210826, 20:25:30
my device here
pb initialized
phase_space initialized
hamiltonian initialized
LJ_term initialized : sigma  1  epsilon  1
lennard_jones.py call potential
pb initialized
phase_space initialized
lennard_jones initialized: sigma  1  epsilon  1
kinetic_energy initialized : mass  1
noML_hamiltonian initialized
metropolis_mc initialized : boxsize  7.302967433402215
memory usage : 10.9  at every sample= 1
finished taking 0 configuration,  temp:  0.67 Accratio:  tensor(0.5176) spec:  tensor(0.4568) dq:  0.1 rho:  0.3 Discard:  32000 time:  59.91378092765808
momentum_sampler initialized: nsamples  100
file write dir: ../data/gen_by_MC/n16rho0.3/analysis/n16T0.67seed123456nsamples1/n16T0.67seed123456nsamples1.pt
end date/time : 20210826, 20:26:30
run time  0:00:59.917202
mean mem :  10.9 , std mem :  0.0
n16 T0.71 seed 123456 nsamples 1
pid :  1019051
uname :  posix.uname_result(sysname='Linux', nodename='titan', release='5.8.0-53-generic', version='#60~20.04.1-Ubuntu SMP Thu May 6 09:52:46 UTC 2021', machine='x86_64')
code run start time  20210826, 20:26:31
my device here
pb initialized
phase_space initialized
hamiltonian initialized
LJ_term initialized : sigma  1  epsilon  1
lennard_jones.py call potential
pb initialized
phase_space initialized
lennard_jones initialized: sigma  1  epsilon  1
kinetic_energy initialized : mass  1
noML_hamiltonian initialized
metropolis_mc initialized : boxsize  7.302967433402215
memory usage : 10.9  at every sample= 1
finished taking 0 configuration,  temp:  0.71 Accratio:  tensor(0.5335) spec:  tensor(0.3969) dq:  0.1 rho:  0.3 Discard:  32000 time:  60.171743869781494
momentum_sampler initialized: nsamples  100
file write dir: ../data/gen_by_MC/n16rho0.3/analysis/n16T0.71seed123456nsamples1/n16T0.71seed123456nsamples1.pt
end date/time : 20210826, 20:27:31
run time  0:01:00.175221
mean mem :  10.9 , std mem :  0.0
