n16 T0.27 seed 123456 nsamples 1
pid :  1015291
uname :  posix.uname_result(sysname='Linux', nodename='titan', release='5.8.0-53-generic', version='#60~20.04.1-Ubuntu SMP Thu May 6 09:52:46 UTC 2021', machine='x86_64')
code run start time  20210826, 20:17:46
my device here
pb initialized
phase_space initialized
hamiltonian initialized
LJ_term initialized : sigma  1  epsilon  1
lennard_jones.py call potential
pb initialized
phase_space initialized
lennard_jones initialized: sigma  1  epsilon  1
kinetic_energy initialized : mass  1
noML_hamiltonian initialized
metropolis_mc initialized : boxsize  6.324555320336759
memory usage : 10.9  at every sample= 1
finished taking 0 configuration,  temp:  0.27 Accratio:  tensor(0.5594) spec:  tensor(1.1331) dq:  0.03 rho:  0.4 Discard:  32000 time:  59.048970222473145
momentum_sampler initialized: nsamples  100
file write dir: ../data/gen_by_MC/n16rho0.4/analysis/n16T0.27seed123456nsamples1/n16T0.27seed123456nsamples1.pt
end date/time : 20210826, 20:18:45
run time  0:00:59.052294
mean mem :  10.9 , std mem :  0.0
n16 T0.31 seed 123456 nsamples 1
pid :  1015856
uname :  posix.uname_result(sysname='Linux', nodename='titan', release='5.8.0-53-generic', version='#60~20.04.1-Ubuntu SMP Thu May 6 09:52:46 UTC 2021', machine='x86_64')
code run start time  20210826, 20:18:46
my device here
pb initialized
phase_space initialized
hamiltonian initialized
LJ_term initialized : sigma  1  epsilon  1
lennard_jones.py call potential
pb initialized
phase_space initialized
lennard_jones initialized: sigma  1  epsilon  1
kinetic_energy initialized : mass  1
noML_hamiltonian initialized
metropolis_mc initialized : boxsize  6.324555320336759
memory usage : 10.9  at every sample= 1
finished taking 0 configuration,  temp:  0.31 Accratio:  tensor(0.5771) spec:  tensor(0.9066) dq:  0.035 rho:  0.4 Discard:  32000 time:  59.90359401702881
momentum_sampler initialized: nsamples  100
file write dir: ../data/gen_by_MC/n16rho0.4/analysis/n16T0.31seed123456nsamples1/n16T0.31seed123456nsamples1.pt
end date/time : 20210826, 20:19:46
run time  0:00:59.907012
mean mem :  10.9 , std mem :  0.0
n16 T0.35 seed 123456 nsamples 1
pid :  1016246
uname :  posix.uname_result(sysname='Linux', nodename='titan', release='5.8.0-53-generic', version='#60~20.04.1-Ubuntu SMP Thu May 6 09:52:46 UTC 2021', machine='x86_64')
code run start time  20210826, 20:19:46
my device here
pb initialized
phase_space initialized
hamiltonian initialized
LJ_term initialized : sigma  1  epsilon  1
lennard_jones.py call potential
pb initialized
phase_space initialized
lennard_jones initialized: sigma  1  epsilon  1
kinetic_energy initialized : mass  1
noML_hamiltonian initialized
metropolis_mc initialized : boxsize  6.324555320336759
memory usage : 10.9  at every sample= 1
finished taking 0 configuration,  temp:  0.35 Accratio:  tensor(0.5794) spec:  tensor(1.0889) dq:  0.035 rho:  0.4 Discard:  32000 time:  59.18648386001587
momentum_sampler initialized: nsamples  100
file write dir: ../data/gen_by_MC/n16rho0.4/analysis/n16T0.35seed123456nsamples1/n16T0.35seed123456nsamples1.pt
end date/time : 20210826, 20:20:45
run time  0:00:59.189802
mean mem :  10.9 , std mem :  0.0
n16 T0.39 seed 123456 nsamples 1
pid :  1016546
uname :  posix.uname_result(sysname='Linux', nodename='titan', release='5.8.0-53-generic', version='#60~20.04.1-Ubuntu SMP Thu May 6 09:52:46 UTC 2021', machine='x86_64')
code run start time  20210826, 20:20:46
my device here
pb initialized
phase_space initialized
hamiltonian initialized
LJ_term initialized : sigma  1  epsilon  1
lennard_jones.py call potential
pb initialized
phase_space initialized
lennard_jones initialized: sigma  1  epsilon  1
kinetic_energy initialized : mass  1
noML_hamiltonian initialized
metropolis_mc initialized : boxsize  6.324555320336759
memory usage : 10.9  at every sample= 1
finished taking 0 configuration,  temp:  0.39 Accratio:  tensor(0.6393) spec:  tensor(0.6490) dq:  0.035 rho:  0.4 Discard:  32000 time:  58.9250602722168
momentum_sampler initialized: nsamples  100
file write dir: ../data/gen_by_MC/n16rho0.4/analysis/n16T0.39seed123456nsamples1/n16T0.39seed123456nsamples1.pt
end date/time : 20210826, 20:21:45
run time  0:00:58.928471
mean mem :  10.9 , std mem :  0.0
n16 T0.43 seed 123456 nsamples 1
pid :  1016958
uname :  posix.uname_result(sysname='Linux', nodename='titan', release='5.8.0-53-generic', version='#60~20.04.1-Ubuntu SMP Thu May 6 09:52:46 UTC 2021', machine='x86_64')
code run start time  20210826, 20:21:45
my device here
pb initialized
phase_space initialized
hamiltonian initialized
LJ_term initialized : sigma  1  epsilon  1
lennard_jones.py call potential
pb initialized
phase_space initialized
lennard_jones initialized: sigma  1  epsilon  1
kinetic_energy initialized : mass  1
noML_hamiltonian initialized
metropolis_mc initialized : boxsize  6.324555320336759
memory usage : 10.9  at every sample= 1
finished taking 0 configuration,  temp:  0.43 Accratio:  tensor(0.5481) spec:  tensor(1.2501) dq:  0.05 rho:  0.4 Discard:  32000 time:  59.811137437820435
momentum_sampler initialized: nsamples  100
file write dir: ../data/gen_by_MC/n16rho0.4/analysis/n16T0.43seed123456nsamples1/n16T0.43seed123456nsamples1.pt
end date/time : 20210826, 20:22:45
run time  0:00:59.814542
mean mem :  10.9 , std mem :  0.0
n16 T0.47 seed 123456 nsamples 1
pid :  1017543
uname :  posix.uname_result(sysname='Linux', nodename='titan', release='5.8.0-53-generic', version='#60~20.04.1-Ubuntu SMP Thu May 6 09:52:46 UTC 2021', machine='x86_64')
code run start time  20210826, 20:22:46
my device here
pb initialized
phase_space initialized
hamiltonian initialized
LJ_term initialized : sigma  1  epsilon  1
lennard_jones.py call potential
pb initialized
phase_space initialized
lennard_jones initialized: sigma  1  epsilon  1
kinetic_energy initialized : mass  1
noML_hamiltonian initialized
metropolis_mc initialized : boxsize  6.324555320336759
memory usage : 10.9  at every sample= 1
finished taking 0 configuration,  temp:  0.47 Accratio:  tensor(0.5934) spec:  tensor(1.3471) dq:  0.05 rho:  0.4 Discard:  32000 time:  59.26213884353638
momentum_sampler initialized: nsamples  100
file write dir: ../data/gen_by_MC/n16rho0.4/analysis/n16T0.47seed123456nsamples1/n16T0.47seed123456nsamples1.pt
end date/time : 20210826, 20:23:45
run time  0:00:59.265606
mean mem :  10.9 , std mem :  0.0
n16 T0.51 seed 123456 nsamples 1
pid :  1017895
uname :  posix.uname_result(sysname='Linux', nodename='titan', release='5.8.0-53-generic', version='#60~20.04.1-Ubuntu SMP Thu May 6 09:52:46 UTC 2021', machine='x86_64')
code run start time  20210826, 20:23:46
my device here
pb initialized
phase_space initialized
hamiltonian initialized
LJ_term initialized : sigma  1  epsilon  1
lennard_jones.py call potential
pb initialized
phase_space initialized
lennard_jones initialized: sigma  1  epsilon  1
kinetic_energy initialized : mass  1
noML_hamiltonian initialized
metropolis_mc initialized : boxsize  6.324555320336759
memory usage : 10.9  at every sample= 1
finished taking 0 configuration,  temp:  0.51 Accratio:  tensor(0.5506) spec:  tensor(0.7263) dq:  0.06 rho:  0.4 Discard:  32000 time:  64.27507042884827
momentum_sampler initialized: nsamples  100
file write dir: ../data/gen_by_MC/n16rho0.4/analysis/n16T0.51seed123456nsamples1/n16T0.51seed123456nsamples1.pt
end date/time : 20210826, 20:24:50
run time  0:01:04.278618
mean mem :  10.9 , std mem :  0.0
n16 T0.55 seed 123456 nsamples 1
pid :  1018472
uname :  posix.uname_result(sysname='Linux', nodename='titan', release='5.8.0-53-generic', version='#60~20.04.1-Ubuntu SMP Thu May 6 09:52:46 UTC 2021', machine='x86_64')
code run start time  20210826, 20:24:51
my device here
pb initialized
phase_space initialized
hamiltonian initialized
LJ_term initialized : sigma  1  epsilon  1
lennard_jones.py call potential
pb initialized
phase_space initialized
lennard_jones initialized: sigma  1  epsilon  1
kinetic_energy initialized : mass  1
noML_hamiltonian initialized
metropolis_mc initialized : boxsize  6.324555320336759
memory usage : 10.9  at every sample= 1
finished taking 0 configuration,  temp:  0.55 Accratio:  tensor(0.5291) spec:  tensor(0.9304) dq:  0.07 rho:  0.4 Discard:  32000 time:  59.18660807609558
momentum_sampler initialized: nsamples  100
file write dir: ../data/gen_by_MC/n16rho0.4/analysis/n16T0.55seed123456nsamples1/n16T0.55seed123456nsamples1.pt
end date/time : 20210826, 20:25:50
run time  0:00:59.189948
mean mem :  10.9 , std mem :  0.0
n16 T0.59 seed 123456 nsamples 1
pid :  1018858
uname :  posix.uname_result(sysname='Linux', nodename='titan', release='5.8.0-53-generic', version='#60~20.04.1-Ubuntu SMP Thu May 6 09:52:46 UTC 2021', machine='x86_64')
code run start time  20210826, 20:25:50
my device here
pb initialized
phase_space initialized
hamiltonian initialized
LJ_term initialized : sigma  1  epsilon  1
lennard_jones.py call potential
pb initialized
phase_space initialized
lennard_jones initialized: sigma  1  epsilon  1
kinetic_energy initialized : mass  1
noML_hamiltonian initialized
metropolis_mc initialized : boxsize  6.324555320336759
memory usage : 10.9  at every sample= 1
finished taking 0 configuration,  temp:  0.59 Accratio:  tensor(0.5088) spec:  tensor(0.8575) dq:  0.08 rho:  0.4 Discard:  32000 time:  59.99144768714905
momentum_sampler initialized: nsamples  100
file write dir: ../data/gen_by_MC/n16rho0.4/analysis/n16T0.59seed123456nsamples1/n16T0.59seed123456nsamples1.pt
end date/time : 20210826, 20:26:50
run time  0:00:59.994832
mean mem :  10.9 , std mem :  0.0
n16 T0.63 seed 123456 nsamples 1
pid :  1019271
uname :  posix.uname_result(sysname='Linux', nodename='titan', release='5.8.0-53-generic', version='#60~20.04.1-Ubuntu SMP Thu May 6 09:52:46 UTC 2021', machine='x86_64')
code run start time  20210826, 20:26:51
my device here
pb initialized
phase_space initialized
hamiltonian initialized
LJ_term initialized : sigma  1  epsilon  1
lennard_jones.py call potential
pb initialized
phase_space initialized
lennard_jones initialized: sigma  1  epsilon  1
kinetic_energy initialized : mass  1
noML_hamiltonian initialized
metropolis_mc initialized : boxsize  6.324555320336759
memory usage : 10.8  at every sample= 1
finished taking 0 configuration,  temp:  0.63 Accratio:  tensor(0.5276) spec:  tensor(0.7418) dq:  0.08 rho:  0.4 Discard:  32000 time:  59.39443302154541
momentum_sampler initialized: nsamples  100
file write dir: ../data/gen_by_MC/n16rho0.4/analysis/n16T0.63seed123456nsamples1/n16T0.63seed123456nsamples1.pt
end date/time : 20210826, 20:27:50
run time  0:00:59.397817
mean mem :  10.8 , std mem :  0.0
n16 T0.67 seed 123456 nsamples 1
pid :  1019649
uname :  posix.uname_result(sysname='Linux', nodename='titan', release='5.8.0-53-generic', version='#60~20.04.1-Ubuntu SMP Thu May 6 09:52:46 UTC 2021', machine='x86_64')
code run start time  20210826, 20:27:51
my device here
pb initialized
phase_space initialized
hamiltonian initialized
LJ_term initialized : sigma  1  epsilon  1
lennard_jones.py call potential
pb initialized
phase_space initialized
lennard_jones initialized: sigma  1  epsilon  1
kinetic_energy initialized : mass  1
noML_hamiltonian initialized
metropolis_mc initialized : boxsize  6.324555320336759
memory usage : 10.8  at every sample= 1
finished taking 0 configuration,  temp:  0.67 Accratio:  tensor(0.4744) spec:  tensor(0.4268) dq:  0.1 rho:  0.4 Discard:  32000 time:  61.47968053817749
momentum_sampler initialized: nsamples  100
file write dir: ../data/gen_by_MC/n16rho0.4/analysis/n16T0.67seed123456nsamples1/n16T0.67seed123456nsamples1.pt
end date/time : 20210826, 20:28:52
run time  0:01:01.483066
mean mem :  10.8 , std mem :  0.0
n16 T0.71 seed 123456 nsamples 1
pid :  1019923
uname :  posix.uname_result(sysname='Linux', nodename='titan', release='5.8.0-53-generic', version='#60~20.04.1-Ubuntu SMP Thu May 6 09:52:46 UTC 2021', machine='x86_64')
code run start time  20210826, 20:28:53
my device here
pb initialized
phase_space initialized
hamiltonian initialized
LJ_term initialized : sigma  1  epsilon  1
lennard_jones.py call potential
pb initialized
phase_space initialized
lennard_jones initialized: sigma  1  epsilon  1
kinetic_energy initialized : mass  1
noML_hamiltonian initialized
metropolis_mc initialized : boxsize  6.324555320336759
memory usage : 10.8  at every sample= 1
finished taking 0 configuration,  temp:  0.71 Accratio:  tensor(0.4989) spec:  tensor(0.4725) dq:  0.1 rho:  0.4 Discard:  32000 time:  59.486149311065674
momentum_sampler initialized: nsamples  100
file write dir: ../data/gen_by_MC/n16rho0.4/analysis/n16T0.71seed123456nsamples1/n16T0.71seed123456nsamples1.pt
end date/time : 20210826, 20:29:52
run time  0:00:59.489547
mean mem :  10.8 , std mem :  0.0
