optimizer initialized : op  <class 'torch.optim.sgd.SGD'>  lr  0.01
MC output filename ../data/gen_by_MC/test/rho0.38/n16T0.47seed235nsamples10.pt
tau cur 0.1
pb initialized
phase_space initialized
check4particle_hard_crash initialized : rthrsh 0.7259  pthrsh  5.7994 ethrsh  193.1625008229323 dhdqthrsh  -2863.195744548219
linear_integrator initialized 
MLP_net initialized :  5 -> ... -> 64 -> 2
MLP_net initialized :  5 -> ... -> 64 -> 2
hamiltonian initialized
LJ_term initialized : sigma  1  epsilon  1
lennard_jones.py call potential
pb initialized
phase_space initialized
lennard_jones initialized: sigma  1  epsilon  1
kinetic_energy initialized : mass  1
HNN_base initialized
pairwise_HNN initialized 
checkpoint initialized : net list  [mlp_net(
  (layers): ModuleList(
    (0): Linear(in_features=5, out_features=64, bias=True)
    (1): Tanh()
    (2): Linear(in_features=64, out_features=64, bias=True)
    (3): Tanh()
    (4): Dropout(p=0, inplace=False)
    (5): Linear(in_features=64, out_features=2, bias=True)
  )
), mlp_net(
  (layers): ModuleList(
    (0): Linear(in_features=5, out_features=64, bias=True)
    (1): Tanh()
    (2): Linear(in_features=64, out_features=64, bias=True)
    (3): Tanh()
    (4): Dropout(p=0, inplace=False)
    (5): Linear(in_features=64, out_features=2, bias=True)
  )
)]  opt  None sch None
=> loading checkpoint '../data/gen_by_ML/pw-auto-lambda0.0l2reg/4rho0.20/backward_47/backward_47_5.pth'
{'net_list': [mlp_net(
  (layers): ModuleList(
    (0): Linear(in_features=5, out_features=64, bias=True)
    (1): Tanh()
    (2): Linear(in_features=64, out_features=64, bias=True)
    (3): Tanh()
    (4): Dropout(p=0, inplace=False)
    (5): Linear(in_features=64, out_features=2, bias=True)
  )
), mlp_net(
  (layers): ModuleList(
    (0): Linear(in_features=5, out_features=64, bias=True)
    (1): Tanh()
    (2): Linear(in_features=64, out_features=64, bias=True)
    (3): Tanh()
    (4): Dropout(p=0, inplace=False)
    (5): Linear(in_features=64, out_features=2, bias=True)
  )
)], 'optimizer': {'state': {}, 'param_groups': [{'lr': 0.0008858423808639998, 'momentum': 0, 'dampening': 0, 'weight_decay': 0, 'nesterov': False, 'initial_lr': 0.001, 'params': [0, 1, 2, 3, 4, 5, 6, 7, 8, 9, 10, 11]}]}, 'scheduler': {'step_size': 500, 'gamma': 0.98, 'base_lrs': [0.001], 'last_epoch': 3280, '_step_count': 3281, 'verbose': False, '_get_lr_called_within_step': False, '_last_lr': [0.0008858423808639998]}}
Previously net_list state_dict loaded...
Previously net_list state_dict loaded...
===== start time to save file or collect crash ... 
rm crash and save file idx 0
====== step  0
====== step  1
====== step  2
====== step  3
====== step  4
====== step  5
====== step  6
====== step  7
====== step  8
====== step  9
====== step  10
====== step  11
====== step  12
====== step  13
====== step  14
====== step  15
====== step  16
====== step  17
====== step  18
====== step  19
====== step  20
====== step  21
====== step  22
====== step  23
====== step  24
====== step  25
====== step  26
====== step  27
====== step  28
====== step  29
====== step  30
====== step  31
====== step  32
====== step  33
====== step  34
====== step  35
====== step  36
====== step  37
====== step  38
====== step  39
====== step  40
====== step  41
====== step  42
====== step  43
====== step  44
====== step  45
====== step  46
====== step  47
====== step  48
====== step  49
====== step  50
====== step  51
====== step  52
====== step  53
====== step  54
====== step  55
====== step  56
====== step  57
====== step  58
====== step  59
====== step  60
====== step  61
====== step  62
====== step  63
====== step  64
====== step  65
====== step  66
====== step  67
====== step  68
====== step  69
====== step  70
====== step  71
====== step  72
====== step  73
====== step  74
====== step  75
====== step  76
====== step  77
====== step  78
====== step  79
====== step  80
====== step  81
====== step  82
====== step  83
====== step  84
====== step  85
====== step  86
====== step  87
====== step  88
====== step  89
====== step  90
====== step  91
====== step  92
====== step  93
====== step  94
====== step  95
====== step  96
====== step  97
====== step  98
====== step  99
qp list shape torch.Size([1000, 2, 101, 16, 2])
===== end time to save file or collect crash ... 32.565sec
file write dir: ../data/gen_by_MD/pwhnn/pw-n16hard1e3280lbd0.0l2metric/pw-n16rho0.38T0.47-hard1
