n16 T0.27 seed 123456 nsamples 1
pid :  984652
uname :  posix.uname_result(sysname='Linux', nodename='titan', release='5.8.0-53-generic', version='#60~20.04.1-Ubuntu SMP Thu May 6 09:52:46 UTC 2021', machine='x86_64')
code run start time  20210826, 18:49:22
my device here
pb initialized
phase_space initialized
hamiltonian initialized
LJ_term initialized : sigma  1  epsilon  1
lennard_jones.py call potential
pb initialized
phase_space initialized
lennard_jones initialized: sigma  1  epsilon  1
kinetic_energy initialized : mass  1
noML_hamiltonian initialized
metropolis_mc initialized : boxsize  12.649110640673518
memory usage : 10.8  at every sample= 1
finished taking 0 configuration,  temp:  0.27 Accratio:  tensor(0.5556) spec:  tensor(1.2350) dq:  0.02 rho:  0.1 Discard:  32000 time:  59.786978244781494
momentum_sampler initialized: nsamples  100
file write dir: ../data/gen_by_MC/n16rho0.1/analysis/n16T0.27seed123456nsamples1/n16T0.27seed123456nsamples1.pt
end date/time : 20210826, 18:50:21
run time  0:00:59.790432
mean mem :  10.8 , std mem :  0.0
n16 T0.31 seed 123456 nsamples 1
pid :  985732
uname :  posix.uname_result(sysname='Linux', nodename='titan', release='5.8.0-53-generic', version='#60~20.04.1-Ubuntu SMP Thu May 6 09:52:46 UTC 2021', machine='x86_64')
code run start time  20210826, 18:50:22
my device here
pb initialized
phase_space initialized
hamiltonian initialized
LJ_term initialized : sigma  1  epsilon  1
lennard_jones.py call potential
pb initialized
phase_space initialized
lennard_jones initialized: sigma  1  epsilon  1
kinetic_energy initialized : mass  1
noML_hamiltonian initialized
metropolis_mc initialized : boxsize  12.649110640673518
memory usage : 10.8  at every sample= 1
finished taking 0 configuration,  temp:  0.31 Accratio:  tensor(0.5083) spec:  tensor(1.8875) dq:  0.025 rho:  0.1 Discard:  32000 time:  60.42657518386841
momentum_sampler initialized: nsamples  100
file write dir: ../data/gen_by_MC/n16rho0.1/analysis/n16T0.31seed123456nsamples1/n16T0.31seed123456nsamples1.pt
end date/time : 20210826, 18:51:22
run time  0:01:00.429968
mean mem :  10.8 , std mem :  0.0
n16 T0.35 seed 123456 nsamples 1
pid :  986721
uname :  posix.uname_result(sysname='Linux', nodename='titan', release='5.8.0-53-generic', version='#60~20.04.1-Ubuntu SMP Thu May 6 09:52:46 UTC 2021', machine='x86_64')
code run start time  20210826, 18:51:23
my device here
pb initialized
phase_space initialized
hamiltonian initialized
LJ_term initialized : sigma  1  epsilon  1
lennard_jones.py call potential
pb initialized
phase_space initialized
lennard_jones initialized: sigma  1  epsilon  1
kinetic_energy initialized : mass  1
noML_hamiltonian initialized
metropolis_mc initialized : boxsize  12.649110640673518
memory usage : 10.8  at every sample= 1
finished taking 0 configuration,  temp:  0.35 Accratio:  tensor(0.5149) spec:  tensor(1.7613) dq:  0.03 rho:  0.1 Discard:  32000 time:  59.243082761764526
momentum_sampler initialized: nsamples  100
file write dir: ../data/gen_by_MC/n16rho0.1/analysis/n16T0.35seed123456nsamples1/n16T0.35seed123456nsamples1.pt
end date/time : 20210826, 18:52:22
run time  0:00:59.246549
mean mem :  10.8 , std mem :  0.0
n16 T0.39 seed 123456 nsamples 1
pid :  987696
uname :  posix.uname_result(sysname='Linux', nodename='titan', release='5.8.0-53-generic', version='#60~20.04.1-Ubuntu SMP Thu May 6 09:52:46 UTC 2021', machine='x86_64')
code run start time  20210826, 18:52:23
my device here
pb initialized
phase_space initialized
hamiltonian initialized
LJ_term initialized : sigma  1  epsilon  1
lennard_jones.py call potential
pb initialized
phase_space initialized
lennard_jones initialized: sigma  1  epsilon  1
kinetic_energy initialized : mass  1
noML_hamiltonian initialized
metropolis_mc initialized : boxsize  12.649110640673518
memory usage : 10.9  at every sample= 1
finished taking 0 configuration,  temp:  0.39 Accratio:  tensor(0.6324) spec:  tensor(1.5134) dq:  0.03 rho:  0.1 Discard:  32000 time:  59.3512167930603
momentum_sampler initialized: nsamples  100
file write dir: ../data/gen_by_MC/n16rho0.1/analysis/n16T0.39seed123456nsamples1/n16T0.39seed123456nsamples1.pt
end date/time : 20210826, 18:53:22
run time  0:00:59.354685
mean mem :  10.9 , std mem :  0.0
n16 T0.43 seed 123456 nsamples 1
pid :  988976
uname :  posix.uname_result(sysname='Linux', nodename='titan', release='5.8.0-53-generic', version='#60~20.04.1-Ubuntu SMP Thu May 6 09:52:46 UTC 2021', machine='x86_64')
code run start time  20210826, 18:53:23
my device here
pb initialized
phase_space initialized
hamiltonian initialized
LJ_term initialized : sigma  1  epsilon  1
lennard_jones.py call potential
pb initialized
phase_space initialized
lennard_jones initialized: sigma  1  epsilon  1
kinetic_energy initialized : mass  1
noML_hamiltonian initialized
metropolis_mc initialized : boxsize  12.649110640673518
memory usage : 10.8  at every sample= 1
finished taking 0 configuration,  temp:  0.43 Accratio:  tensor(0.5857) spec:  tensor(3.3728) dq:  0.05 rho:  0.1 Discard:  32000 time:  60.276328802108765
momentum_sampler initialized: nsamples  100
file write dir: ../data/gen_by_MC/n16rho0.1/analysis/n16T0.43seed123456nsamples1/n16T0.43seed123456nsamples1.pt
end date/time : 20210826, 18:54:23
run time  0:01:00.294982
mean mem :  10.8 , std mem :  0.0
n16 T0.47 seed 123456 nsamples 1
pid :  989555
uname :  posix.uname_result(sysname='Linux', nodename='titan', release='5.8.0-53-generic', version='#60~20.04.1-Ubuntu SMP Thu May 6 09:52:46 UTC 2021', machine='x86_64')
code run start time  20210826, 18:54:23
my device here
pb initialized
phase_space initialized
hamiltonian initialized
LJ_term initialized : sigma  1  epsilon  1
lennard_jones.py call potential
pb initialized
phase_space initialized
lennard_jones initialized: sigma  1  epsilon  1
kinetic_energy initialized : mass  1
noML_hamiltonian initialized
metropolis_mc initialized : boxsize  12.649110640673518
memory usage : 10.8  at every sample= 1
finished taking 0 configuration,  temp:  0.47 Accratio:  tensor(0.5009) spec:  tensor(1.6599) dq:  0.05 rho:  0.1 Discard:  32000 time:  59.68023180961609
momentum_sampler initialized: nsamples  100
file write dir: ../data/gen_by_MC/n16rho0.1/analysis/n16T0.47seed123456nsamples1/n16T0.47seed123456nsamples1.pt
end date/time : 20210826, 18:55:23
run time  0:00:59.683618
mean mem :  10.8 , std mem :  0.0
n16 T0.51 seed 123456 nsamples 1
pid :  989895
uname :  posix.uname_result(sysname='Linux', nodename='titan', release='5.8.0-53-generic', version='#60~20.04.1-Ubuntu SMP Thu May 6 09:52:46 UTC 2021', machine='x86_64')
code run start time  20210826, 18:55:24
my device here
pb initialized
phase_space initialized
hamiltonian initialized
LJ_term initialized : sigma  1  epsilon  1
lennard_jones.py call potential
pb initialized
phase_space initialized
lennard_jones initialized: sigma  1  epsilon  1
kinetic_energy initialized : mass  1
noML_hamiltonian initialized
metropolis_mc initialized : boxsize  12.649110640673518
memory usage : 10.8  at every sample= 1
finished taking 0 configuration,  temp:  0.51 Accratio:  tensor(0.6038) spec:  tensor(1.1307) dq:  0.06 rho:  0.1 Discard:  32000 time:  59.78114438056946
momentum_sampler initialized: nsamples  100
file write dir: ../data/gen_by_MC/n16rho0.1/analysis/n16T0.51seed123456nsamples1/n16T0.51seed123456nsamples1.pt
end date/time : 20210826, 18:56:23
run time  0:00:59.784514
mean mem :  10.8 , std mem :  0.0
n16 T0.55 seed 123456 nsamples 1
pid :  990282
uname :  posix.uname_result(sysname='Linux', nodename='titan', release='5.8.0-53-generic', version='#60~20.04.1-Ubuntu SMP Thu May 6 09:52:46 UTC 2021', machine='x86_64')
code run start time  20210826, 18:56:24
my device here
pb initialized
phase_space initialized
hamiltonian initialized
LJ_term initialized : sigma  1  epsilon  1
lennard_jones.py call potential
pb initialized
phase_space initialized
lennard_jones initialized: sigma  1  epsilon  1
kinetic_energy initialized : mass  1
noML_hamiltonian initialized
metropolis_mc initialized : boxsize  12.649110640673518
memory usage : 10.8  at every sample= 1
finished taking 0 configuration,  temp:  0.55 Accratio:  tensor(0.6171) spec:  tensor(1.1756) dq:  0.07 rho:  0.1 Discard:  32000 time:  59.37459874153137
momentum_sampler initialized: nsamples  100
file write dir: ../data/gen_by_MC/n16rho0.1/analysis/n16T0.55seed123456nsamples1/n16T0.55seed123456nsamples1.pt
end date/time : 20210826, 18:57:23
run time  0:00:59.377910
mean mem :  10.8 , std mem :  0.0
n16 T0.59 seed 123456 nsamples 1
pid :  990631
uname :  posix.uname_result(sysname='Linux', nodename='titan', release='5.8.0-53-generic', version='#60~20.04.1-Ubuntu SMP Thu May 6 09:52:46 UTC 2021', machine='x86_64')
code run start time  20210826, 18:57:24
my device here
pb initialized
phase_space initialized
hamiltonian initialized
LJ_term initialized : sigma  1  epsilon  1
lennard_jones.py call potential
pb initialized
phase_space initialized
lennard_jones initialized: sigma  1  epsilon  1
kinetic_energy initialized : mass  1
noML_hamiltonian initialized
metropolis_mc initialized : boxsize  12.649110640673518
memory usage : 10.8  at every sample= 1
finished taking 0 configuration,  temp:  0.59 Accratio:  tensor(0.6118) spec:  tensor(0.8958) dq:  0.08 rho:  0.1 Discard:  32000 time:  59.56486463546753
momentum_sampler initialized: nsamples  100
file write dir: ../data/gen_by_MC/n16rho0.1/analysis/n16T0.59seed123456nsamples1/n16T0.59seed123456nsamples1.pt
end date/time : 20210826, 18:58:23
run time  0:00:59.568208
mean mem :  10.8 , std mem :  0.0
n16 T0.63 seed 123456 nsamples 1
pid :  990964
uname :  posix.uname_result(sysname='Linux', nodename='titan', release='5.8.0-53-generic', version='#60~20.04.1-Ubuntu SMP Thu May 6 09:52:46 UTC 2021', machine='x86_64')
code run start time  20210826, 18:58:24
my device here
pb initialized
phase_space initialized
hamiltonian initialized
LJ_term initialized : sigma  1  epsilon  1
lennard_jones.py call potential
pb initialized
phase_space initialized
lennard_jones initialized: sigma  1  epsilon  1
kinetic_energy initialized : mass  1
noML_hamiltonian initialized
metropolis_mc initialized : boxsize  12.649110640673518
memory usage : 10.8  at every sample= 1
finished taking 0 configuration,  temp:  0.63 Accratio:  tensor(0.6590) spec:  tensor(0.5094) dq:  0.08 rho:  0.1 Discard:  32000 time:  59.182360887527466
momentum_sampler initialized: nsamples  100
file write dir: ../data/gen_by_MC/n16rho0.1/analysis/n16T0.63seed123456nsamples1/n16T0.63seed123456nsamples1.pt
end date/time : 20210826, 18:59:23
run time  0:00:59.185771
mean mem :  10.8 , std mem :  0.0
n16 T0.67 seed 123456 nsamples 1
pid :  991285
uname :  posix.uname_result(sysname='Linux', nodename='titan', release='5.8.0-53-generic', version='#60~20.04.1-Ubuntu SMP Thu May 6 09:52:46 UTC 2021', machine='x86_64')
code run start time  20210826, 18:59:24
my device here
pb initialized
phase_space initialized
hamiltonian initialized
LJ_term initialized : sigma  1  epsilon  1
lennard_jones.py call potential
pb initialized
phase_space initialized
lennard_jones initialized: sigma  1  epsilon  1
kinetic_energy initialized : mass  1
noML_hamiltonian initialized
metropolis_mc initialized : boxsize  12.649110640673518
memory usage : 10.8  at every sample= 1
finished taking 0 configuration,  temp:  0.67 Accratio:  tensor(0.6176) spec:  tensor(0.6641) dq:  0.1 rho:  0.1 Discard:  32000 time:  59.58654499053955
momentum_sampler initialized: nsamples  100
file write dir: ../data/gen_by_MC/n16rho0.1/analysis/n16T0.67seed123456nsamples1/n16T0.67seed123456nsamples1.pt
end date/time : 20210826, 19:00:23
run time  0:00:59.589960
mean mem :  10.8 , std mem :  0.0
n16 T0.71 seed 123456 nsamples 1
pid :  991616
uname :  posix.uname_result(sysname='Linux', nodename='titan', release='5.8.0-53-generic', version='#60~20.04.1-Ubuntu SMP Thu May 6 09:52:46 UTC 2021', machine='x86_64')
code run start time  20210826, 19:00:24
my device here
pb initialized
phase_space initialized
hamiltonian initialized
LJ_term initialized : sigma  1  epsilon  1
lennard_jones.py call potential
pb initialized
phase_space initialized
lennard_jones initialized: sigma  1  epsilon  1
kinetic_energy initialized : mass  1
noML_hamiltonian initialized
metropolis_mc initialized : boxsize  12.649110640673518
memory usage : 10.8  at every sample= 1
finished taking 0 configuration,  temp:  0.71 Accratio:  tensor(0.6594) spec:  tensor(1.1445) dq:  0.1 rho:  0.1 Discard:  32000 time:  59.59502339363098
momentum_sampler initialized: nsamples  100
file write dir: ../data/gen_by_MC/n16rho0.1/analysis/n16T0.71seed123456nsamples1/n16T0.71seed123456nsamples1.pt
end date/time : 20210826, 19:01:23
run time  0:00:59.598452
mean mem :  10.8 , std mem :  0.0
